\BOOKMARK [1][-]{section.1}{Introduction}{}% 1
\BOOKMARK [1][-]{section.2}{Description of the Apparatus}{}% 2
\BOOKMARK [2][-]{subsection.2.1}{Microscope Body}{section.2}% 3
\BOOKMARK [2][-]{subsection.2.2}{Lenses}{section.2}% 4
\BOOKMARK [2][-]{subsection.2.3}{EM CCD Camera}{section.2}% 5
\BOOKMARK [2][-]{subsection.2.4}{Fluorescence System}{section.2}% 6
\BOOKMARK [2][-]{subsection.2.5}{Copper Collimators}{section.2}% 7
\BOOKMARK [2][-]{subsection.2.6}{Source, Scintillator, Collimator \(SSC\) assembly}{section.2}% 8
\BOOKMARK [1][-]{section.3}{Recommended Procedure For Data Taking}{}% 9
\BOOKMARK [2][-]{subsection.3.1}{Power-up procedure}{section.3}% 10
\BOOKMARK [2][-]{subsection.3.2}{Recommended EMCCD and microscope settings}{section.3}% 11
\BOOKMARK [2][-]{subsection.3.3}{Focusing Procedure}{section.3}% 12
\BOOKMARK [2][-]{subsection.3.4}{Data Taking Settings}{section.3}% 13
\BOOKMARK [2][-]{subsection.3.5}{Fluorescence Measurements}{section.3}% 14
\BOOKMARK [2][-]{subsection.3.6}{Camera Calibration}{section.3}% 15
\BOOKMARK [1][-]{section.4}{Data Analysis}{}% 16
\BOOKMARK [2][-]{subsection.4.1}{Locations on WIT}{section.4}% 17
\BOOKMARK [2][-]{subsection.4.2}{Analysis Chain}{section.4}% 18
\BOOKMARK [1][-]{section.5}{Useful Radioactive Sources}{}% 19
\BOOKMARK [2][-]{subsection.5.1}{14C High Intensity}{section.5}% 20
\BOOKMARK [2][-]{subsection.5.2}{14C Low Intensity}{section.5}% 21
\BOOKMARK [2][-]{subsection.5.3}{14C Doped Biological Samples}{section.5}% 22
\BOOKMARK [2][-]{subsection.5.4}{241Am Thick Window Source}{section.5}% 23
\BOOKMARK [2][-]{subsection.5.5}{241Am Thin Window Source}{section.5}% 24
\BOOKMARK [2][-]{subsection.5.6}{90Sr Source }{section.5}% 25
\BOOKMARK [2][-]{subsection.5.7}{PhyloChip}{section.5}% 26
\BOOKMARK [2][-]{subsection.5.8}{In-hand samples}{section.5}% 27
\BOOKMARK [1][-]{section.6}{Simulation}{}% 28
\BOOKMARK [1][-]{section.7}{Optical Model}{}% 29
\BOOKMARK [1][-]{section.8}{Results}{}% 30
\BOOKMARK [2][-]{subsection.8.1}{Background Study}{section.8}% 31
\BOOKMARK [3][-]{subsubsection.8.1.1}{EMCCD Noise}{subsection.8.1}% 32
\BOOKMARK [3][-]{subsubsection.8.1.2}{Stray Photons}{subsection.8.1}% 33
\BOOKMARK [3][-]{subsubsection.8.1.3}{Background Radiation}{subsection.8.1}% 34
\BOOKMARK [3][-]{subsubsection.8.1.4}{Summary of Background Studies}{subsection.8.1}% 35
\BOOKMARK [2][-]{subsection.8.2}{14C spectra and efficiency}{section.8}% 36
\BOOKMARK [3][-]{subsubsection.8.2.1}{High rate 14C source in direct contact with CsI}{subsection.8.2}% 37
\BOOKMARK [3][-]{subsubsection.8.2.2}{High rate 14C source in 1.0 mm collimator}{subsection.8.2}% 38
\BOOKMARK [3][-]{subsubsection.8.2.3}{Low rate 14C source in 0.250 mm collimator, edge of collimator imaged}{subsection.8.2}% 39
\BOOKMARK [3][-]{subsubsection.8.2.4}{Discussion of 14C Results}{subsection.8.2}% 40
\BOOKMARK [2][-]{subsection.8.3}{241Am \( only\) spectra and efficiency}{section.8}% 41
\BOOKMARK [2][-]{subsection.8.4}{207Bi spectra and efficiency}{section.8}% 42
\BOOKMARK [2][-]{subsection.8.5}{241Am \040source }{section.8}% 43
\BOOKMARK [1][-]{section.9}{Observed Problems}{}% 44
\BOOKMARK [2][-]{subsection.9.1}{Light Leaks}{section.9}% 45
\BOOKMARK [2][-]{subsection.9.2}{Communication Problems}{section.9}% 46
\BOOKMARK [2][-]{subsection.9.3}{Camera Driver Issues}{section.9}% 47
\BOOKMARK [2][-]{subsection.9.4}{Windows Power Management Settings}{section.9}% 48
\BOOKMARK [2][-]{subsection.9.5}{Strong temperature dependence}{section.9}% 49
\BOOKMARK [2][-]{subsection.9.6}{Focusing Problems}{section.9}% 50
\BOOKMARK [2][-]{subsection.9.7}{Varying Background Level}{section.9}% 51
\BOOKMARK [2][-]{subsection.9.8}{Varying 14C rate}{section.9}% 52
\BOOKMARK [2][-]{subsection.9.9}{Optimum Magnification}{section.9}% 53
\BOOKMARK [2][-]{subsection.9.10}{Decrease in rate due to use of collimator}{section.9}% 54
\BOOKMARK [2][-]{subsection.9.11}{Background cluster sizes}{section.9}% 55
\BOOKMARK [1][-]{section.10}{To Do List}{}% 56
